2019-11-29 02:35:20.712 [restartedMain] INFO  com.single.yourme.YourMeApplication - Starting YourMeApplication on ZB0ZT96G0792LJW with PID 111180 (F:\ForFood\sweet\YourMe_backend\target\classes started by Administrator in F:\ForFood\sweet\YourMe_backend)
2019-11-29 02:35:20.720 [restartedMain] INFO  com.single.yourme.YourMeApplication - The following profiles are active: dev
2019-11-29 02:35:20.794 [restartedMain] INFO  o.s.b.d.env.DevToolsPropertyDefaultsPostProcessor - Devtools property defaults active! Set 'spring.devtools.add-properties' to 'false' to disable
2019-11-29 02:35:20.795 [restartedMain] INFO  o.s.b.d.env.DevToolsPropertyDefaultsPostProcessor - For additional web related logging consider setting the 'logging.level.web' property to 'DEBUG'
2019-11-29 02:35:22.603 [restartedMain] INFO  o.s.c.s.PostProcessorRegistrationDelegate$BeanPostProcessorChecker - Bean 'org.springframework.transaction.annotation.ProxyTransactionManagementConfiguration' of type [org.springframework.transaction.annotation.ProxyTransactionManagementConfiguration] is not eligible for getting processed by all BeanPostProcessors (for example: not eligible for auto-proxying)
2019-11-29 02:35:23.278 [restartedMain] INFO  o.s.boot.web.embedded.tomcat.TomcatWebServer - Tomcat initialized with port(s): 443 (https) 80 (http)
2019-11-29 02:35:23.287 [restartedMain] INFO  org.apache.coyote.http11.Http11NioProtocol - Initializing ProtocolHandler ["https-openssl-nio-443"]
2019-11-29 02:35:23.288 [restartedMain] INFO  org.apache.coyote.http11.Http11NioProtocol - Initializing ProtocolHandler ["http-nio-80"]
2019-11-29 02:35:23.301 [restartedMain] INFO  org.apache.catalina.core.StandardService - Starting service [Tomcat]
2019-11-29 02:35:23.302 [restartedMain] INFO  org.apache.catalina.core.StandardEngine - Starting Servlet engine: [Apache Tomcat/9.0.27]
2019-11-29 02:35:23.305 [restartedMain] INFO  org.apache.catalina.core.AprLifecycleListener - Loaded APR based Apache Tomcat Native library [1.2.23] using APR version [1.7.0].
2019-11-29 02:35:23.305 [restartedMain] INFO  org.apache.catalina.core.AprLifecycleListener - APR capabilities: IPv6 [true], sendfile [true], accept filters [false], random [true].
2019-11-29 02:35:23.305 [restartedMain] INFO  org.apache.catalina.core.AprLifecycleListener - APR/OpenSSL configuration: useAprConnector [false], useOpenSSL [true]
2019-11-29 02:35:23.540 [restartedMain] INFO  org.apache.catalina.core.AprLifecycleListener - OpenSSL successfully initialized [OpenSSL 1.1.1c  28 May 2019]
2019-11-29 02:35:23.747 [restartedMain] INFO  o.a.c.core.ContainerBase.[Tomcat].[localhost].[/] - Initializing Spring embedded WebApplicationContext
2019-11-29 02:35:23.747 [restartedMain] INFO  org.springframework.web.context.ContextLoader - Root WebApplicationContext: initialization completed in 2951 ms
2019-11-29 02:35:24.416 [restartedMain] INFO  org.apache.catalina.core.StandardService - Stopping service [Tomcat]
2019-11-29 02:36:16.269 [restartedMain] INFO  com.single.yourme.YourMeApplication - Starting YourMeApplication on ZB0ZT96G0792LJW with PID 118832 (F:\ForFood\sweet\YourMe_backend\target\classes started by Administrator in F:\ForFood\sweet\YourMe_backend)
2019-11-29 02:36:16.270 [restartedMain] INFO  com.single.yourme.YourMeApplication - The following profiles are active: dev
2019-11-29 02:36:16.398 [restartedMain] INFO  o.s.b.d.env.DevToolsPropertyDefaultsPostProcessor - Devtools property defaults active! Set 'spring.devtools.add-properties' to 'false' to disable
2019-11-29 02:36:16.398 [restartedMain] INFO  o.s.b.d.env.DevToolsPropertyDefaultsPostProcessor - For additional web related logging consider setting the 'logging.level.web' property to 'DEBUG'
2019-11-29 02:36:18.468 [restartedMain] INFO  o.s.c.s.PostProcessorRegistrationDelegate$BeanPostProcessorChecker - Bean 'org.springframework.transaction.annotation.ProxyTransactionManagementConfiguration' of type [org.springframework.transaction.annotation.ProxyTransactionManagementConfiguration] is not eligible for getting processed by all BeanPostProcessors (for example: not eligible for auto-proxying)
2019-11-29 02:36:19.132 [restartedMain] INFO  o.s.boot.web.embedded.tomcat.TomcatWebServer - Tomcat initialized with port(s): 443 (https) 80 (http)
2019-11-29 02:36:19.141 [restartedMain] INFO  org.apache.coyote.http11.Http11NioProtocol - Initializing ProtocolHandler ["https-openssl-nio-443"]
2019-11-29 02:36:19.142 [restartedMain] INFO  org.apache.coyote.http11.Http11NioProtocol - Initializing ProtocolHandler ["http-nio-80"]
2019-11-29 02:36:19.153 [restartedMain] INFO  org.apache.catalina.core.StandardService - Starting service [Tomcat]
2019-11-29 02:36:19.154 [restartedMain] INFO  org.apache.catalina.core.StandardEngine - Starting Servlet engine: [Apache Tomcat/9.0.27]
2019-11-29 02:36:19.156 [restartedMain] INFO  org.apache.catalina.core.AprLifecycleListener - Loaded APR based Apache Tomcat Native library [1.2.23] using APR version [1.7.0].
2019-11-29 02:36:19.156 [restartedMain] INFO  org.apache.catalina.core.AprLifecycleListener - APR capabilities: IPv6 [true], sendfile [true], accept filters [false], random [true].
2019-11-29 02:36:19.156 [restartedMain] INFO  org.apache.catalina.core.AprLifecycleListener - APR/OpenSSL configuration: useAprConnector [false], useOpenSSL [true]
2019-11-29 02:36:19.161 [restartedMain] INFO  org.apache.catalina.core.AprLifecycleListener - OpenSSL successfully initialized [OpenSSL 1.1.1c  28 May 2019]
2019-11-29 02:36:19.367 [restartedMain] INFO  o.a.c.core.ContainerBase.[Tomcat].[localhost].[/] - Initializing Spring embedded WebApplicationContext
2019-11-29 02:36:19.367 [restartedMain] INFO  org.springframework.web.context.ContextLoader - Root WebApplicationContext: initialization completed in 2969 ms
2019-11-29 02:36:20.260 [restartedMain] INFO  o.s.b.d.autoconfigure.OptionalLiveReloadServer - LiveReload server is running on port 35729
2019-11-29 02:36:20.318 [restartedMain] INFO  s.d.s.w.PropertySourcedRequestMappingHandlerMapping - Mapped URL path [/v2/api-docs] onto method [springfox.documentation.swagger2.web.Swagger2Controller#getDocumentation(String, HttpServletRequest)]
2019-11-29 02:36:20.701 [restartedMain] INFO  s.d.s.web.plugins.DocumentationPluginsBootstrapper - Context refreshed
2019-11-29 02:36:20.719 [restartedMain] INFO  s.d.s.web.plugins.DocumentationPluginsBootstrapper - Found 1 custom documentation plugin(s)
2019-11-29 02:36:20.760 [restartedMain] INFO  s.d.spring.web.scanners.ApiListingReferenceScanner - Scanning for api listing references
2019-11-29 02:36:20.803 [restartedMain] INFO  org.apache.coyote.http11.Http11NioProtocol - Starting ProtocolHandler ["https-openssl-nio-443"]
2019-11-29 02:36:22.594 [restartedMain] INFO  org.apache.coyote.http11.Http11NioProtocol - Starting ProtocolHandler ["http-nio-80"]
2019-11-29 02:36:22.602 [restartedMain] INFO  o.s.boot.web.embedded.tomcat.TomcatWebServer - Tomcat started on port(s): 443 (https) 80 (http) with context path ''
2019-11-29 02:36:22.605 [restartedMain] INFO  com.single.yourme.YourMeApplication - Started YourMeApplication in 7.47 seconds (JVM running for 9.441)
2019-11-29 02:36:37.890 [https-openssl-nio-443-exec-7] INFO  o.a.c.core.ContainerBase.[Tomcat].[localhost].[/] - Initializing Spring DispatcherServlet 'dispatcherServlet'
2019-11-29 02:36:37.890 [https-openssl-nio-443-exec-7] INFO  org.springframework.web.servlet.DispatcherServlet - Initializing Servlet 'dispatcherServlet'
2019-11-29 02:36:37.896 [https-openssl-nio-443-exec-7] INFO  org.springframework.web.servlet.DispatcherServlet - Completed initialization in 6 ms
2019-11-29 10:20:02.092 [restartedMain] INFO  com.single.yourme.YourMeApplication - Starting YourMeApplication on ZB0ZT96G0792LJW with PID 118832 (F:\ForFood\sweet\YourMe_backend\target\classes started by Administrator in F:\ForFood\sweet\YourMe_backend)
2019-11-29 10:20:02.092 [restartedMain] INFO  com.single.yourme.YourMeApplication - The following profiles are active: dev
2019-11-29 10:20:02.774 [restartedMain] INFO  o.s.c.s.PostProcessorRegistrationDelegate$BeanPostProcessorChecker - Bean 'org.springframework.transaction.annotation.ProxyTransactionManagementConfiguration' of type [org.springframework.transaction.annotation.ProxyTransactionManagementConfiguration] is not eligible for getting processed by all BeanPostProcessors (for example: not eligible for auto-proxying)
2019-11-29 10:20:09.138 [restartedMain] INFO  com.single.yourme.YourMeApplication - Starting YourMeApplication on ZB0ZT96G0792LJW with PID 118832 (F:\ForFood\sweet\YourMe_backend\target\classes started by Administrator in F:\ForFood\sweet\YourMe_backend)
2019-11-29 10:20:09.139 [restartedMain] INFO  com.single.yourme.YourMeApplication - The following profiles are active: dev
2019-11-29 10:20:10.326 [restartedMain] INFO  o.s.c.s.PostProcessorRegistrationDelegate$BeanPostProcessorChecker - Bean 'org.springframework.transaction.annotation.ProxyTransactionManagementConfiguration' of type [org.springframework.transaction.annotation.ProxyTransactionManagementConfiguration] is not eligible for getting processed by all BeanPostProcessors (for example: not eligible for auto-proxying)
2019-11-29 10:20:11.984 [restartedMain] INFO  com.single.yourme.YourMeApplication - Starting YourMeApplication on ZB0ZT96G0792LJW with PID 118832 (F:\ForFood\sweet\YourMe_backend\target\classes started by Administrator in F:\ForFood\sweet\YourMe_backend)
2019-11-29 10:20:11.984 [restartedMain] INFO  com.single.yourme.YourMeApplication - The following profiles are active: dev
2019-11-29 10:20:12.921 [restartedMain] INFO  o.s.c.s.PostProcessorRegistrationDelegate$BeanPostProcessorChecker - Bean 'org.springframework.transaction.annotation.ProxyTransactionManagementConfiguration' of type [org.springframework.transaction.annotation.ProxyTransactionManagementConfiguration] is not eligible for getting processed by all BeanPostProcessors (for example: not eligible for auto-proxying)
2019-11-29 10:20:16.898 [restartedMain] INFO  com.single.yourme.YourMeApplication - Starting YourMeApplication on ZB0ZT96G0792LJW with PID 118832 (F:\ForFood\sweet\YourMe_backend\target\classes started by Administrator in F:\ForFood\sweet\YourMe_backend)
2019-11-29 10:20:16.898 [restartedMain] INFO  com.single.yourme.YourMeApplication - The following profiles are active: dev
2019-11-29 10:20:17.663 [restartedMain] INFO  o.s.c.s.PostProcessorRegistrationDelegate$BeanPostProcessorChecker - Bean 'org.springframework.transaction.annotation.ProxyTransactionManagementConfiguration' of type [org.springframework.transaction.annotation.ProxyTransactionManagementConfiguration] is not eligible for getting processed by all BeanPostProcessors (for example: not eligible for auto-proxying)
2019-11-29 10:20:22.344 [restartedMain] INFO  com.single.yourme.YourMeApplication - Starting YourMeApplication on ZB0ZT96G0792LJW with PID 118832 (F:\ForFood\sweet\YourMe_backend\target\classes started by Administrator in F:\ForFood\sweet\YourMe_backend)
2019-11-29 10:20:22.345 [restartedMain] INFO  com.single.yourme.YourMeApplication - The following profiles are active: dev
2019-11-29 10:20:22.964 [restartedMain] INFO  o.s.c.s.PostProcessorRegistrationDelegate$BeanPostProcessorChecker - Bean 'org.springframework.transaction.annotation.ProxyTransactionManagementConfiguration' of type [org.springframework.transaction.annotation.ProxyTransactionManagementConfiguration] is not eligible for getting processed by all BeanPostProcessors (for example: not eligible for auto-proxying)
2019-11-29 10:20:23.312 [restartedMain] INFO  o.s.boot.web.embedded.tomcat.TomcatWebServer - Tomcat initialized with port(s): 443 (https) 80 (http)
2019-11-29 10:20:23.314 [restartedMain] INFO  org.apache.catalina.core.StandardService - Starting service [Tomcat]
2019-11-29 10:20:23.314 [restartedMain] INFO  org.apache.catalina.core.StandardEngine - Starting Servlet engine: [Apache Tomcat/9.0.27]
2019-11-29 10:20:23.315 [restartedMain] INFO  org.apache.catalina.core.AprLifecycleListener - Loaded APR based Apache Tomcat Native library [1.2.23] using APR version [1.7.0].
2019-11-29 10:20:23.315 [restartedMain] INFO  org.apache.catalina.core.AprLifecycleListener - APR capabilities: IPv6 [true], sendfile [true], accept filters [false], random [true].
2019-11-29 10:20:23.315 [restartedMain] INFO  org.apache.catalina.core.AprLifecycleListener - APR/OpenSSL configuration: useAprConnector [false], useOpenSSL [true]
2019-11-29 10:20:23.315 [restartedMain] INFO  org.apache.catalina.core.AprLifecycleListener - OpenSSL successfully initialized [OpenSSL 1.1.1c  28 May 2019]
2019-11-29 10:20:23.395 [restartedMain] INFO  o.a.c.core.ContainerBase.[Tomcat].[localhost].[/] - Initializing Spring embedded WebApplicationContext
2019-11-29 10:20:23.396 [restartedMain] INFO  org.springframework.web.context.ContextLoader - Root WebApplicationContext: initialization completed in 1048 ms
2019-11-29 10:20:23.888 [restartedMain] INFO  o.s.b.d.autoconfigure.OptionalLiveReloadServer - LiveReload server is running on port 35729
2019-11-29 10:20:24.014 [restartedMain] INFO  s.d.s.w.PropertySourcedRequestMappingHandlerMapping - Mapped URL path [/v2/api-docs] onto method [springfox.documentation.swagger2.web.Swagger2Controller#getDocumentation(String, HttpServletRequest)]
2019-11-29 10:20:24.248 [restartedMain] INFO  s.d.s.web.plugins.DocumentationPluginsBootstrapper - Context refreshed
2019-11-29 10:20:24.249 [restartedMain] INFO  s.d.s.web.plugins.DocumentationPluginsBootstrapper - Found 1 custom documentation plugin(s)
2019-11-29 10:20:24.263 [restartedMain] INFO  s.d.spring.web.scanners.ApiListingReferenceScanner - Scanning for api listing references
2019-11-29 10:20:24.638 [restartedMain] INFO  o.s.boot.web.embedded.tomcat.TomcatWebServer - Tomcat started on port(s): 443 (https) 80 (http) with context path ''
2019-11-29 10:20:24.640 [restartedMain] INFO  com.single.yourme.YourMeApplication - Started YourMeApplication in 2.345 seconds (JVM running for 27851.484)
2019-11-29 10:20:24.642 [restartedMain] INFO  o.s.b.d.a.ConditionEvaluationDeltaLoggingListener - Condition evaluation unchanged
2019-11-29 10:32:25.796 [https-openssl-nio-443-exec-8] INFO  o.a.c.core.ContainerBase.[Tomcat].[localhost].[/] - Initializing Spring DispatcherServlet 'dispatcherServlet'
2019-11-29 10:32:25.798 [https-openssl-nio-443-exec-8] INFO  org.springframework.web.servlet.DispatcherServlet - Initializing Servlet 'dispatcherServlet'
2019-11-29 10:32:25.807 [https-openssl-nio-443-exec-8] INFO  org.springframework.web.servlet.DispatcherServlet - Completed initialization in 8 ms
