2019-12-08 13:14:35.357 [restartedMain] ERROR o.s.b.diagnostics.LoggingFailureAnalysisReporter - 

***************************
APPLICATION FAILED TO START
***************************

Description:

Field template in com.single.yourme.controller.WebSocketController required a bean of type 'org.springframework.messaging.simp.SimpMessagingTemplate' that could not be found.

The injection point has the following annotations:
	- @org.springframework.beans.factory.annotation.Autowired(required=true)


Action:

Consider defining a bean of type 'org.springframework.messaging.simp.SimpMessagingTemplate' in your configuration.

2019-12-08 13:17:42.671 [restartedMain] ERROR o.s.b.diagnostics.LoggingFailureAnalysisReporter - 

***************************
APPLICATION FAILED TO START
***************************

Description:

Field template in com.single.yourme.controller.WebSocketController required a bean of type 'org.springframework.messaging.simp.SimpMessagingTemplate' that could not be found.

The injection point has the following annotations:
	- @org.springframework.beans.factory.annotation.Autowired(required=true)


Action:

Consider defining a bean of type 'org.springframework.messaging.simp.SimpMessagingTemplate' in your configuration.

2019-12-08 15:01:24.526 [http-nio-8080-exec-10] ERROR com.single.yourme.core.websocket.WebSocketServer - 发生错误
2019-12-08 15:06:40.698 [http-nio-8080-exec-5] ERROR com.single.yourme.core.websocket.WebSocketServer - 发生错误
2019-12-08 15:08:54.804 [http-nio-8080-exec-6] ERROR com.single.yourme.core.websocket.WebSocketServer - 发生错误
2019-12-08 15:08:54.807 [http-nio-8080-exec-7] ERROR com.single.yourme.core.websocket.WebSocketServer - 发生错误
2019-12-08 15:10:00.627 [http-nio-8080-exec-8] ERROR com.single.yourme.core.websocket.WebSocketServer - 发生错误
2019-12-08 15:29:59.775 [http-nio-8080-exec-5] ERROR com.single.yourme.core.websocket.WebSocketServer - 发生错误
2019-12-08 15:58:50.087 [http-nio-8080-exec-9] ERROR com.single.yourme.core.websocket.WebSocketServer - 发生错误
2019-12-08 15:58:50.087 [http-nio-8080-exec-10] ERROR com.single.yourme.core.websocket.WebSocketServer - 发生错误
